2023-08-06 17:10:19.157 [info] Extension host with pid 16501 started
2023-08-06 17:10:19.158 [info] Skipping acquiring lock for /home/cheaterak/.config/Code - OSS/User/workspaceStorage/0cfecb39f022430863d5720a45e926b0.
2023-08-06 17:10:19.284 [info] ExtensionService#_doActivateExtension vscode.git-base, startup: true, activationEvent: '*'
2023-08-06 17:10:19.420 [info] ExtensionService#_doActivateExtension vscode.github, startup: true, activationEvent: '*'
2023-08-06 17:10:19.512 [info] Eager extensions activated
2023-08-06 17:10:19.517 [info] ExtensionService#_doActivateExtension vscode.debug-auto-launch, startup: false, activationEvent: 'onStartupFinished'
2023-08-06 17:10:19.524 [info] ExtensionService#_doActivateExtension vscode.merge-conflict, startup: false, activationEvent: 'onStartupFinished'
2023-08-06 17:10:22.842 [info] ExtensionService#_doActivateExtension vscode.git, startup: false, activationEvent: 'api', root cause: vscode.github
2023-08-06 17:10:29.791 [info] Extension host terminating: renderer closed the MessagePort
2023-08-06 17:10:29.824 [error] Canceled: Canceled
	at new h (/usr/lib/code-oss/resources/app/out/vs/workbench/api/node/extensionHostProcess.js:99:42413)
	at t.O (/usr/lib/code-oss/resources/app/out/vs/workbench/api/node/extensionHostProcess.js:111:11236)
	at U.<computed>.q.charCodeAt.U.<computed> (/usr/lib/code-oss/resources/app/out/vs/workbench/api/node/extensionHostProcess.js:111:8675)
	at e.$vL.g (/usr/lib/code-oss/resources/app/out/vs/workbench/api/node/extensionHostProcess.js:99:63549)
	at e.$vL.executeCommand (/usr/lib/code-oss/resources/app/out/vs/workbench/api/node/extensionHostProcess.js:99:62973)
	at P.registerCommand.description (/usr/lib/code-oss/resources/app/out/vs/workbench/api/node/extensionHostProcess.js:99:62280)
	at e.$vL.h (/usr/lib/code-oss/resources/app/out/vs/workbench/api/node/extensionHostProcess.js:99:64085)
	at e.$vL.g (/usr/lib/code-oss/resources/app/out/vs/workbench/api/node/extensionHostProcess.js:99:63073)
	at e.$vL.executeCommand (/usr/lib/code-oss/resources/app/out/vs/workbench/api/node/extensionHostProcess.js:99:62973)
	at Object.executeCommand (/usr/lib/code-oss/resources/app/out/vs/workbench/api/node/extensionHostProcess.js:117:20971)
	at i.D [as value] (/usr/lib/code-oss/resources/app/extensions/git/dist/main.js:2:1260624)
	at p.w (/usr/lib/code-oss/resources/app/out/vs/workbench/api/node/extensionHostProcess.js:60:1902)
	at p.x (/usr/lib/code-oss/resources/app/out/vs/workbench/api/node/extensionHostProcess.js:60:1972)
	at p.fire (/usr/lib/code-oss/resources/app/out/vs/workbench/api/node/extensionHostProcess.js:60:2188)
	at Object.m [as dispose] (/usr/lib/code-oss/resources/app/extensions/git/dist/main.js:2:1276205)
	at /usr/lib/code-oss/resources/app/extensions/git/dist/main.js:2:1280785
	at Array.forEach (<anonymous>)
	at g.dispose (/usr/lib/code-oss/resources/app/extensions/git/dist/main.js:2:1280771)
	at o.<anonymous> (/usr/lib/code-oss/resources/app/out/vs/workbench/api/node/extensionHostProcess.js:95:4162)
	at o.dispose (/usr/lib/code-oss/resources/app/out/vs/workbench/api/node/extensionHostProcess.js:95:4297)
	at o.<anonymous> (/usr/lib/code-oss/resources/app/extensions/git/dist/main.js:2:1262644)
	at o.dispose (/usr/lib/code-oss/resources/app/out/vs/workbench/api/node/extensionHostProcess.js:95:4297)
	at S (/usr/lib/code-oss/resources/app/out/vs/workbench/api/node/extensionHostProcess.js:10:11731)
	at i.Z (/usr/lib/code-oss/resources/app/out/vs/workbench/api/node/extensionHostProcess.js:113:10370)
	at /usr/lib/code-oss/resources/app/out/vs/workbench/api/node/extensionHostProcess.js:113:8332
	at Array.map (<anonymous>)
	at i.S (/usr/lib/code-oss/resources/app/out/vs/workbench/api/node/extensionHostProcess.js:113:8319)
	at i.terminate (/usr/lib/code-oss/resources/app/out/vs/workbench/api/node/extensionHostProcess.js:113:8591)
	at u.terminate (/usr/lib/code-oss/resources/app/out/vs/workbench/api/node/extensionHostProcess.js:117:1532)
	at E (/usr/lib/code-oss/resources/app/out/vs/workbench/api/node/extensionHostProcess.js:127:32236)
	at MessagePortMain.<anonymous> (/usr/lib/code-oss/resources/app/out/vs/workbench/api/node/extensionHostProcess.js:127:28665)
	at MessagePortMain.emit (node:events:513:28)
	at MessagePortMain._internalPort.emit (node:electron/js2c/utility_init:2:367) setContext undefined
2023-08-06 17:10:29.825 [error] Canceled: Canceled
	at new h (/usr/lib/code-oss/resources/app/out/vs/workbench/api/node/extensionHostProcess.js:99:42413)
	at t.O (/usr/lib/code-oss/resources/app/out/vs/workbench/api/node/extensionHostProcess.js:111:11236)
	at U.<computed>.q.charCodeAt.U.<computed> (/usr/lib/code-oss/resources/app/out/vs/workbench/api/node/extensionHostProcess.js:111:8675)
	at e.$vL.g (/usr/lib/code-oss/resources/app/out/vs/workbench/api/node/extensionHostProcess.js:99:63549)
	at e.$vL.executeCommand (/usr/lib/code-oss/resources/app/out/vs/workbench/api/node/extensionHostProcess.js:99:62973)
	at P.registerCommand.description (/usr/lib/code-oss/resources/app/out/vs/workbench/api/node/extensionHostProcess.js:99:62280)
	at e.$vL.h (/usr/lib/code-oss/resources/app/out/vs/workbench/api/node/extensionHostProcess.js:99:64085)
	at e.$vL.g (/usr/lib/code-oss/resources/app/out/vs/workbench/api/node/extensionHostProcess.js:99:63073)
	at e.$vL.executeCommand (/usr/lib/code-oss/resources/app/out/vs/workbench/api/node/extensionHostProcess.js:99:62973)
	at Object.executeCommand (/usr/lib/code-oss/resources/app/out/vs/workbench/api/node/extensionHostProcess.js:117:20971)
	at i.D [as value] (/usr/lib/code-oss/resources/app/extensions/git/dist/main.js:2:1260624)
	at p.w (/usr/lib/code-oss/resources/app/out/vs/workbench/api/node/extensionHostProcess.js:60:1902)
	at p.x (/usr/lib/code-oss/resources/app/out/vs/workbench/api/node/extensionHostProcess.js:60:1972)
	at p.fire (/usr/lib/code-oss/resources/app/out/vs/workbench/api/node/extensionHostProcess.js:60:2188)
	at Object.m [as dispose] (/usr/lib/code-oss/resources/app/extensions/git/dist/main.js:2:1276205)
	at /usr/lib/code-oss/resources/app/extensions/git/dist/main.js:2:1280785
	at Array.forEach (<anonymous>)
	at g.dispose (/usr/lib/code-oss/resources/app/extensions/git/dist/main.js:2:1280771)
	at o.<anonymous> (/usr/lib/code-oss/resources/app/out/vs/workbench/api/node/extensionHostProcess.js:95:4162)
	at o.dispose (/usr/lib/code-oss/resources/app/out/vs/workbench/api/node/extensionHostProcess.js:95:4297)
	at o.<anonymous> (/usr/lib/code-oss/resources/app/extensions/git/dist/main.js:2:1262644)
	at o.dispose (/usr/lib/code-oss/resources/app/out/vs/workbench/api/node/extensionHostProcess.js:95:4297)
	at S (/usr/lib/code-oss/resources/app/out/vs/workbench/api/node/extensionHostProcess.js:10:11731)
	at i.Z (/usr/lib/code-oss/resources/app/out/vs/workbench/api/node/extensionHostProcess.js:113:10370)
	at /usr/lib/code-oss/resources/app/out/vs/workbench/api/node/extensionHostProcess.js:113:8332
	at Array.map (<anonymous>)
	at i.S (/usr/lib/code-oss/resources/app/out/vs/workbench/api/node/extensionHostProcess.js:113:8319)
	at i.terminate (/usr/lib/code-oss/resources/app/out/vs/workbench/api/node/extensionHostProcess.js:113:8591)
	at u.terminate (/usr/lib/code-oss/resources/app/out/vs/workbench/api/node/extensionHostProcess.js:117:1532)
	at E (/usr/lib/code-oss/resources/app/out/vs/workbench/api/node/extensionHostProcess.js:127:32236)
	at MessagePortMain.<anonymous> (/usr/lib/code-oss/resources/app/out/vs/workbench/api/node/extensionHostProcess.js:127:28665)
	at MessagePortMain.emit (node:events:513:28)
	at MessagePortMain._internalPort.emit (node:electron/js2c/utility_init:2:367) setContext undefined
2023-08-06 17:10:29.826 [error] Canceled: Canceled
	at new h (/usr/lib/code-oss/resources/app/out/vs/workbench/api/node/extensionHostProcess.js:99:42413)
	at t.O (/usr/lib/code-oss/resources/app/out/vs/workbench/api/node/extensionHostProcess.js:111:11236)
	at U.<computed>.q.charCodeAt.U.<computed> (/usr/lib/code-oss/resources/app/out/vs/workbench/api/node/extensionHostProcess.js:111:8675)
	at e.$vL.g (/usr/lib/code-oss/resources/app/out/vs/workbench/api/node/extensionHostProcess.js:99:63549)
	at e.$vL.executeCommand (/usr/lib/code-oss/resources/app/out/vs/workbench/api/node/extensionHostProcess.js:99:62973)
	at P.registerCommand.description (/usr/lib/code-oss/resources/app/out/vs/workbench/api/node/extensionHostProcess.js:99:62280)
	at e.$vL.h (/usr/lib/code-oss/resources/app/out/vs/workbench/api/node/extensionHostProcess.js:99:64085)
	at e.$vL.g (/usr/lib/code-oss/resources/app/out/vs/workbench/api/node/extensionHostProcess.js:99:63073)
	at e.$vL.executeCommand (/usr/lib/code-oss/resources/app/out/vs/workbench/api/node/extensionHostProcess.js:99:62973)
	at Object.executeCommand (/usr/lib/code-oss/resources/app/out/vs/workbench/api/node/extensionHostProcess.js:117:20971)
	at i.D [as value] (/usr/lib/code-oss/resources/app/extensions/git/dist/main.js:2:1260624)
	at p.w (/usr/lib/code-oss/resources/app/out/vs/workbench/api/node/extensionHostProcess.js:60:1902)
	at p.x (/usr/lib/code-oss/resources/app/out/vs/workbench/api/node/extensionHostProcess.js:60:1972)
	at p.fire (/usr/lib/code-oss/resources/app/out/vs/workbench/api/node/extensionHostProcess.js:60:2188)
	at Object.m [as dispose] (/usr/lib/code-oss/resources/app/extensions/git/dist/main.js:2:1276205)
	at /usr/lib/code-oss/resources/app/extensions/git/dist/main.js:2:1280785
	at Array.forEach (<anonymous>)
	at g.dispose (/usr/lib/code-oss/resources/app/extensions/git/dist/main.js:2:1280771)
	at o.<anonymous> (/usr/lib/code-oss/resources/app/out/vs/workbench/api/node/extensionHostProcess.js:95:4162)
	at o.dispose (/usr/lib/code-oss/resources/app/out/vs/workbench/api/node/extensionHostProcess.js:95:4297)
	at o.<anonymous> (/usr/lib/code-oss/resources/app/extensions/git/dist/main.js:2:1262644)
	at o.dispose (/usr/lib/code-oss/resources/app/out/vs/workbench/api/node/extensionHostProcess.js:95:4297)
	at S (/usr/lib/code-oss/resources/app/out/vs/workbench/api/node/extensionHostProcess.js:10:11731)
	at i.Z (/usr/lib/code-oss/resources/app/out/vs/workbench/api/node/extensionHostProcess.js:113:10370)
	at /usr/lib/code-oss/resources/app/out/vs/workbench/api/node/extensionHostProcess.js:113:8332
	at Array.map (<anonymous>)
	at i.S (/usr/lib/code-oss/resources/app/out/vs/workbench/api/node/extensionHostProcess.js:113:8319)
	at i.terminate (/usr/lib/code-oss/resources/app/out/vs/workbench/api/node/extensionHostProcess.js:113:8591)
	at u.terminate (/usr/lib/code-oss/resources/app/out/vs/workbench/api/node/extensionHostProcess.js:117:1532)
	at E (/usr/lib/code-oss/resources/app/out/vs/workbench/api/node/extensionHostProcess.js:127:32236)
	at MessagePortMain.<anonymous> (/usr/lib/code-oss/resources/app/out/vs/workbench/api/node/extensionHostProcess.js:127:28665)
	at MessagePortMain.emit (node:events:513:28)
	at MessagePortMain._internalPort.emit (node:electron/js2c/utility_init:2:367) setContext undefined
2023-08-06 17:10:29.827 [error] Canceled: Canceled
	at new h (/usr/lib/code-oss/resources/app/out/vs/workbench/api/node/extensionHostProcess.js:99:42413)
	at t.O (/usr/lib/code-oss/resources/app/out/vs/workbench/api/node/extensionHostProcess.js:111:11236)
	at U.<computed>.q.charCodeAt.U.<computed> (/usr/lib/code-oss/resources/app/out/vs/workbench/api/node/extensionHostProcess.js:111:8675)
	at e.$vL.g (/usr/lib/code-oss/resources/app/out/vs/workbench/api/node/extensionHostProcess.js:99:63549)
	at e.$vL.executeCommand (/usr/lib/code-oss/resources/app/out/vs/workbench/api/node/extensionHostProcess.js:99:62973)
	at P.registerCommand.description (/usr/lib/code-oss/resources/app/out/vs/workbench/api/node/extensionHostProcess.js:99:62280)
	at e.$vL.h (/usr/lib/code-oss/resources/app/out/vs/workbench/api/node/extensionHostProcess.js:99:64085)
	at e.$vL.g (/usr/lib/code-oss/resources/app/out/vs/workbench/api/node/extensionHostProcess.js:99:63073)
	at e.$vL.executeCommand (/usr/lib/code-oss/resources/app/out/vs/workbench/api/node/extensionHostProcess.js:99:62973)
	at Object.executeCommand (/usr/lib/code-oss/resources/app/out/vs/workbench/api/node/extensionHostProcess.js:117:20971)
	at i.D [as value] (/usr/lib/code-oss/resources/app/extensions/git/dist/main.js:2:1260624)
	at p.w (/usr/lib/code-oss/resources/app/out/vs/workbench/api/node/extensionHostProcess.js:60:1902)
	at p.x (/usr/lib/code-oss/resources/app/out/vs/workbench/api/node/extensionHostProcess.js:60:1972)
	at p.fire (/usr/lib/code-oss/resources/app/out/vs/workbench/api/node/extensionHostProcess.js:60:2188)
	at Object.m [as dispose] (/usr/lib/code-oss/resources/app/extensions/git/dist/main.js:2:1276205)
	at /usr/lib/code-oss/resources/app/extensions/git/dist/main.js:2:1280785
	at Array.forEach (<anonymous>)
	at g.dispose (/usr/lib/code-oss/resources/app/extensions/git/dist/main.js:2:1280771)
	at o.<anonymous> (/usr/lib/code-oss/resources/app/out/vs/workbench/api/node/extensionHostProcess.js:95:4162)
	at o.dispose (/usr/lib/code-oss/resources/app/out/vs/workbench/api/node/extensionHostProcess.js:95:4297)
	at o.<anonymous> (/usr/lib/code-oss/resources/app/extensions/git/dist/main.js:2:1262644)
	at o.dispose (/usr/lib/code-oss/resources/app/out/vs/workbench/api/node/extensionHostProcess.js:95:4297)
	at S (/usr/lib/code-oss/resources/app/out/vs/workbench/api/node/extensionHostProcess.js:10:11731)
	at i.Z (/usr/lib/code-oss/resources/app/out/vs/workbench/api/node/extensionHostProcess.js:113:10370)
	at /usr/lib/code-oss/resources/app/out/vs/workbench/api/node/extensionHostProcess.js:113:8332
	at Array.map (<anonymous>)
	at i.S (/usr/lib/code-oss/resources/app/out/vs/workbench/api/node/extensionHostProcess.js:113:8319)
	at i.terminate (/usr/lib/code-oss/resources/app/out/vs/workbench/api/node/extensionHostProcess.js:113:8591)
	at u.terminate (/usr/lib/code-oss/resources/app/out/vs/workbench/api/node/extensionHostProcess.js:117:1532)
	at E (/usr/lib/code-oss/resources/app/out/vs/workbench/api/node/extensionHostProcess.js:127:32236)
	at MessagePortMain.<anonymous> (/usr/lib/code-oss/resources/app/out/vs/workbench/api/node/extensionHostProcess.js:127:28665)
	at MessagePortMain.emit (node:events:513:28)
	at MessagePortMain._internalPort.emit (node:electron/js2c/utility_init:2:367) setContext undefined
2023-08-06 17:10:29.827 [error] Canceled: Canceled
	at new h (/usr/lib/code-oss/resources/app/out/vs/workbench/api/node/extensionHostProcess.js:99:42413)
	at t.O (/usr/lib/code-oss/resources/app/out/vs/workbench/api/node/extensionHostProcess.js:111:11236)
	at U.<computed>.q.charCodeAt.U.<computed> (/usr/lib/code-oss/resources/app/out/vs/workbench/api/node/extensionHostProcess.js:111:8675)
	at e.$vL.g (/usr/lib/code-oss/resources/app/out/vs/workbench/api/node/extensionHostProcess.js:99:63549)
	at e.$vL.executeCommand (/usr/lib/code-oss/resources/app/out/vs/workbench/api/node/extensionHostProcess.js:99:62973)
	at P.registerCommand.description (/usr/lib/code-oss/resources/app/out/vs/workbench/api/node/extensionHostProcess.js:99:62280)
	at e.$vL.h (/usr/lib/code-oss/resources/app/out/vs/workbench/api/node/extensionHostProcess.js:99:64085)
	at e.$vL.g (/usr/lib/code-oss/resources/app/out/vs/workbench/api/node/extensionHostProcess.js:99:63073)
	at e.$vL.executeCommand (/usr/lib/code-oss/resources/app/out/vs/workbench/api/node/extensionHostProcess.js:99:62973)
	at Object.executeCommand (/usr/lib/code-oss/resources/app/out/vs/workbench/api/node/extensionHostProcess.js:117:20971)
	at i.D [as value] (/usr/lib/code-oss/resources/app/extensions/git/dist/main.js:2:1260624)
	at p.w (/usr/lib/code-oss/resources/app/out/vs/workbench/api/node/extensionHostProcess.js:60:1902)
	at p.x (/usr/lib/code-oss/resources/app/out/vs/workbench/api/node/extensionHostProcess.js:60:1972)
	at p.fire (/usr/lib/code-oss/resources/app/out/vs/workbench/api/node/extensionHostProcess.js:60:2188)
	at Object.m [as dispose] (/usr/lib/code-oss/resources/app/extensions/git/dist/main.js:2:1276205)
	at /usr/lib/code-oss/resources/app/extensions/git/dist/main.js:2:1280785
	at Array.forEach (<anonymous>)
	at g.dispose (/usr/lib/code-oss/resources/app/extensions/git/dist/main.js:2:1280771)
	at o.<anonymous> (/usr/lib/code-oss/resources/app/out/vs/workbench/api/node/extensionHostProcess.js:95:4162)
	at o.dispose (/usr/lib/code-oss/resources/app/out/vs/workbench/api/node/extensionHostProcess.js:95:4297)
	at o.<anonymous> (/usr/lib/code-oss/resources/app/extensions/git/dist/main.js:2:1262644)
	at o.dispose (/usr/lib/code-oss/resources/app/out/vs/workbench/api/node/extensionHostProcess.js:95:4297)
	at S (/usr/lib/code-oss/resources/app/out/vs/workbench/api/node/extensionHostProcess.js:10:11731)
	at i.Z (/usr/lib/code-oss/resources/app/out/vs/workbench/api/node/extensionHostProcess.js:113:10370)
	at /usr/lib/code-oss/resources/app/out/vs/workbench/api/node/extensionHostProcess.js:113:8332
	at Array.map (<anonymous>)
	at i.S (/usr/lib/code-oss/resources/app/out/vs/workbench/api/node/extensionHostProcess.js:113:8319)
	at i.terminate (/usr/lib/code-oss/resources/app/out/vs/workbench/api/node/extensionHostProcess.js:113:8591)
	at u.terminate (/usr/lib/code-oss/resources/app/out/vs/workbench/api/node/extensionHostProcess.js:117:1532)
	at E (/usr/lib/code-oss/resources/app/out/vs/workbench/api/node/extensionHostProcess.js:127:32236)
	at MessagePortMain.<anonymous> (/usr/lib/code-oss/resources/app/out/vs/workbench/api/node/extensionHostProcess.js:127:28665)
	at MessagePortMain.emit (node:events:513:28)
	at MessagePortMain._internalPort.emit (node:electron/js2c/utility_init:2:367) setContext undefined
2023-08-06 17:10:29.828 [error] Canceled: Canceled
	at new h (/usr/lib/code-oss/resources/app/out/vs/workbench/api/node/extensionHostProcess.js:99:42413)
	at t.O (/usr/lib/code-oss/resources/app/out/vs/workbench/api/node/extensionHostProcess.js:111:11236)
	at U.<computed>.q.charCodeAt.U.<computed> (/usr/lib/code-oss/resources/app/out/vs/workbench/api/node/extensionHostProcess.js:111:8675)
	at e.$vL.g (/usr/lib/code-oss/resources/app/out/vs/workbench/api/node/extensionHostProcess.js:99:63549)
	at e.$vL.executeCommand (/usr/lib/code-oss/resources/app/out/vs/workbench/api/node/extensionHostProcess.js:99:62973)
	at P.registerCommand.description (/usr/lib/code-oss/resources/app/out/vs/workbench/api/node/extensionHostProcess.js:99:62280)
	at e.$vL.h (/usr/lib/code-oss/resources/app/out/vs/workbench/api/node/extensionHostProcess.js:99:64085)
	at e.$vL.g (/usr/lib/code-oss/resources/app/out/vs/workbench/api/node/extensionHostProcess.js:99:63073)
	at e.$vL.executeCommand (/usr/lib/code-oss/resources/app/out/vs/workbench/api/node/extensionHostProcess.js:99:62973)
	at Object.executeCommand (/usr/lib/code-oss/resources/app/out/vs/workbench/api/node/extensionHostProcess.js:117:20971)
	at i.D [as value] (/usr/lib/code-oss/resources/app/extensions/git/dist/main.js:2:1260624)
	at p.w (/usr/lib/code-oss/resources/app/out/vs/workbench/api/node/extensionHostProcess.js:60:1902)
	at p.x (/usr/lib/code-oss/resources/app/out/vs/workbench/api/node/extensionHostProcess.js:60:1972)
	at p.fire (/usr/lib/code-oss/resources/app/out/vs/workbench/api/node/extensionHostProcess.js:60:2188)
	at Object.m [as dispose] (/usr/lib/code-oss/resources/app/extensions/git/dist/main.js:2:1276205)
	at /usr/lib/code-oss/resources/app/extensions/git/dist/main.js:2:1280785
	at Array.forEach (<anonymous>)
	at g.dispose (/usr/lib/code-oss/resources/app/extensions/git/dist/main.js:2:1280771)
	at o.<anonymous> (/usr/lib/code-oss/resources/app/out/vs/workbench/api/node/extensionHostProcess.js:95:4162)
	at o.dispose (/usr/lib/code-oss/resources/app/out/vs/workbench/api/node/extensionHostProcess.js:95:4297)
	at o.<anonymous> (/usr/lib/code-oss/resources/app/extensions/git/dist/main.js:2:1262644)
	at o.dispose (/usr/lib/code-oss/resources/app/out/vs/workbench/api/node/extensionHostProcess.js:95:4297)
	at S (/usr/lib/code-oss/resources/app/out/vs/workbench/api/node/extensionHostProcess.js:10:11731)
	at i.Z (/usr/lib/code-oss/resources/app/out/vs/workbench/api/node/extensionHostProcess.js:113:10370)
	at /usr/lib/code-oss/resources/app/out/vs/workbench/api/node/extensionHostProcess.js:113:8332
	at Array.map (<anonymous>)
	at i.S (/usr/lib/code-oss/resources/app/out/vs/workbench/api/node/extensionHostProcess.js:113:8319)
	at i.terminate (/usr/lib/code-oss/resources/app/out/vs/workbench/api/node/extensionHostProcess.js:113:8591)
	at u.terminate (/usr/lib/code-oss/resources/app/out/vs/workbench/api/node/extensionHostProcess.js:117:1532)
	at E (/usr/lib/code-oss/resources/app/out/vs/workbench/api/node/extensionHostProcess.js:127:32236)
	at MessagePortMain.<anonymous> (/usr/lib/code-oss/resources/app/out/vs/workbench/api/node/extensionHostProcess.js:127:28665)
	at MessagePortMain.emit (node:events:513:28)
	at MessagePortMain._internalPort.emit (node:electron/js2c/utility_init:2:367) setContext undefined
2023-08-06 17:10:29.833 [error] Canceled: Canceled
	at new h (/usr/lib/code-oss/resources/app/out/vs/workbench/api/node/extensionHostProcess.js:99:42413)
	at t.O (/usr/lib/code-oss/resources/app/out/vs/workbench/api/node/extensionHostProcess.js:111:11236)
	at U.<computed>.q.charCodeAt.U.<computed> (/usr/lib/code-oss/resources/app/out/vs/workbench/api/node/extensionHostProcess.js:111:8675)
	at e.$vL.g (/usr/lib/code-oss/resources/app/out/vs/workbench/api/node/extensionHostProcess.js:99:63549)
	at e.$vL.executeCommand (/usr/lib/code-oss/resources/app/out/vs/workbench/api/node/extensionHostProcess.js:99:62973)
	at P.registerCommand.description (/usr/lib/code-oss/resources/app/out/vs/workbench/api/node/extensionHostProcess.js:99:62280)
	at e.$vL.h (/usr/lib/code-oss/resources/app/out/vs/workbench/api/node/extensionHostProcess.js:99:64085)
	at e.$vL.g (/usr/lib/code-oss/resources/app/out/vs/workbench/api/node/extensionHostProcess.js:99:63073)
	at e.$vL.executeCommand (/usr/lib/code-oss/resources/app/out/vs/workbench/api/node/extensionHostProcess.js:99:62973)
	at Object.executeCommand (/usr/lib/code-oss/resources/app/out/vs/workbench/api/node/extensionHostProcess.js:117:20971)
	at set b [as b] (/usr/lib/code-oss/resources/app/extensions/github/dist/extension.js:2:675750)
	at /usr/lib/code-oss/resources/app/extensions/github/dist/extension.js:2:676397
	at i.value (/usr/lib/code-oss/resources/app/extensions/git/dist/main.js:2:1347758)
	at p.w (/usr/lib/code-oss/resources/app/out/vs/workbench/api/node/extensionHostProcess.js:60:1902)
	at p.x (/usr/lib/code-oss/resources/app/out/vs/workbench/api/node/extensionHostProcess.js:60:1972)
	at p.fire (/usr/lib/code-oss/resources/app/out/vs/workbench/api/node/extensionHostProcess.js:60:2188)
	at Object.m [as dispose] (/usr/lib/code-oss/resources/app/extensions/git/dist/main.js:2:1276205)
	at /usr/lib/code-oss/resources/app/extensions/git/dist/main.js:2:1280785
	at Array.forEach (<anonymous>)
	at g.dispose (/usr/lib/code-oss/resources/app/extensions/git/dist/main.js:2:1280771)
	at o.<anonymous> (/usr/lib/code-oss/resources/app/out/vs/workbench/api/node/extensionHostProcess.js:95:4162)
	at o.dispose (/usr/lib/code-oss/resources/app/out/vs/workbench/api/node/extensionHostProcess.js:95:4297)
	at o.<anonymous> (/usr/lib/code-oss/resources/app/extensions/git/dist/main.js:2:1262644)
	at o.dispose (/usr/lib/code-oss/resources/app/out/vs/workbench/api/node/extensionHostProcess.js:95:4297)
	at S (/usr/lib/code-oss/resources/app/out/vs/workbench/api/node/extensionHostProcess.js:10:11731)
	at i.Z (/usr/lib/code-oss/resources/app/out/vs/workbench/api/node/extensionHostProcess.js:113:10370)
	at /usr/lib/code-oss/resources/app/out/vs/workbench/api/node/extensionHostProcess.js:113:8332
	at Array.map (<anonymous>)
	at i.S (/usr/lib/code-oss/resources/app/out/vs/workbench/api/node/extensionHostProcess.js:113:8319)
	at i.terminate (/usr/lib/code-oss/resources/app/out/vs/workbench/api/node/extensionHostProcess.js:113:8591)
	at u.terminate (/usr/lib/code-oss/resources/app/out/vs/workbench/api/node/extensionHostProcess.js:117:1532)
	at E (/usr/lib/code-oss/resources/app/out/vs/workbench/api/node/extensionHostProcess.js:127:32236)
	at MessagePortMain.<anonymous> (/usr/lib/code-oss/resources/app/out/vs/workbench/api/node/extensionHostProcess.js:127:28665)
	at MessagePortMain.emit (node:events:513:28)
	at MessagePortMain._internalPort.emit (node:electron/js2c/utility_init:2:367) setContext undefined
2023-08-06 17:10:29.833 [info] Extension host with pid 16501 exiting with code 0
