2023-08-06 17:39:55.323 [info] Log level: Info
2023-08-06 17:39:55.323 [info] Validating found git in: "git"
2023-08-06 17:39:55.323 [info] Using git "2.41.0" from "git"
2023-08-06 17:39:55.323 [info] > git rev-parse --show-toplevel [24ms]
2023-08-06 17:39:55.323 [info] fatal: not a git repository (or any of the parent directories): .git
2023-08-06 17:39:55.323 [info] > git rev-parse --show-toplevel [37ms]
2023-08-06 17:39:55.323 [info] fatal: not a git repository (or any of the parent directories): .git
2023-08-06 17:39:55.323 [info] > git rev-parse --show-toplevel [85ms]
2023-08-06 17:39:55.323 [info] fatal: not a git repository (or any of the parent directories): .git
2023-08-06 17:39:55.323 [info] > git rev-parse --show-toplevel [13ms]
2023-08-06 17:39:55.323 [info] fatal: not a git repository (or any of the parent directories): .git
2023-08-06 17:39:55.331 [info] > git rev-parse --show-toplevel [10ms]
2023-08-06 17:39:55.331 [info] fatal: not a git repository (or any of the parent directories): .git
2023-08-06 17:39:55.345 [info] > git rev-parse --show-toplevel [3ms]
2023-08-06 17:39:55.345 [info] fatal: not a git repository (or any of the parent directories): .git
2023-08-06 17:39:55.358 [info] > git rev-parse --show-toplevel [3ms]
2023-08-06 17:39:55.358 [info] fatal: not a git repository (or any of the parent directories): .git
2023-08-06 17:39:55.371 [info] > git rev-parse --show-toplevel [2ms]
2023-08-06 17:39:55.371 [info] fatal: not a git repository (or any of the parent directories): .git
2023-08-06 17:39:55.380 [info] > git rev-parse --show-toplevel [3ms]
2023-08-06 17:39:55.381 [info] fatal: not a git repository (or any of the parent directories): .git
2023-08-06 17:39:55.394 [info] > git rev-parse --show-toplevel [3ms]
2023-08-06 17:39:55.394 [info] fatal: not a git repository (or any of the parent directories): .git
2023-08-06 17:39:55.404 [info] > git rev-parse --show-toplevel [2ms]
2023-08-06 17:39:55.405 [info] fatal: not a git repository (or any of the parent directories): .git
2023-08-06 17:39:55.417 [info] > git rev-parse --show-toplevel [3ms]
2023-08-06 17:39:55.417 [info] fatal: not a git repository (or any of the parent directories): .git
2023-08-06 17:39:55.430 [info] > git rev-parse --show-toplevel [2ms]
2023-08-06 17:39:55.430 [info] fatal: not a git repository (or any of the parent directories): .git
2023-08-06 17:39:55.442 [info] > git rev-parse --show-toplevel [2ms]
2023-08-06 17:39:55.442 [info] fatal: not a git repository (or any of the parent directories): .git
2023-08-06 17:39:55.453 [info] > git rev-parse --show-toplevel [2ms]
2023-08-06 17:39:55.453 [info] fatal: not a git repository (or any of the parent directories): .git
2023-08-06 17:39:55.465 [info] > git rev-parse --show-toplevel [3ms]
2023-08-06 17:39:55.465 [info] fatal: not a git repository (or any of the parent directories): .git
2023-08-06 17:39:55.477 [info] > git rev-parse --show-toplevel [2ms]
2023-08-06 17:39:55.478 [info] fatal: not a git repository (or any of the parent directories): .git
2023-08-06 17:39:55.490 [info] > git rev-parse --show-toplevel [3ms]
2023-08-06 17:39:55.490 [info] fatal: not a git repository (or any of the parent directories): .git
2023-08-06 17:39:55.503 [info] > git rev-parse --show-toplevel [3ms]
2023-08-06 17:39:55.503 [info] fatal: not a git repository (or any of the parent directories): .git
2023-08-06 17:39:55.516 [info] > git rev-parse --show-toplevel [2ms]
2023-08-06 17:39:55.516 [info] fatal: not a git repository (or any of the parent directories): .git
2023-08-06 17:39:55.528 [info] > git rev-parse --show-toplevel [3ms]
2023-08-06 17:39:55.528 [info] fatal: not a git repository (or any of the parent directories): .git
2023-08-06 17:39:55.538 [info] > git rev-parse --show-toplevel [1ms]
2023-08-06 17:39:55.538 [info] fatal: not a git repository (or any of the parent directories): .git
2023-08-06 17:39:55.547 [info] > git rev-parse --show-toplevel [2ms]
2023-08-06 17:39:55.547 [info] fatal: not a git repository (or any of the parent directories): .git
2023-08-06 17:39:55.561 [info] > git rev-parse --show-toplevel [2ms]
2023-08-06 17:39:55.576 [info] > git rev-parse --git-dir --git-common-dir [3ms]
2023-08-06 17:39:55.615 [info] Open repository: /home/cheaterak/hyprland-void
2023-08-06 17:39:55.646 [info] > git rev-parse --show-toplevel [15ms]
2023-08-06 17:39:55.646 [info] fatal: not a git repository (or any of the parent directories): .git
2023-08-06 17:39:55.666 [info] > git rev-parse --show-toplevel [9ms]
2023-08-06 17:39:55.675 [info] > git config --get commit.template [30ms]
2023-08-06 17:39:55.681 [info] > git rev-parse --git-dir --git-common-dir [7ms]
2023-08-06 17:39:55.692 [info] Open repository: /home/cheaterak/pomatez
2023-08-06 17:39:55.728 [info] > git rev-parse --show-toplevel [25ms]
2023-08-06 17:39:55.742 [info] > git config --get commit.template [14ms]
2023-08-06 17:39:55.742 [info] > git for-each-ref --format=%(refname)%00%(upstream:short)%00%(objectname)%00%(upstream:track)%00%(upstream:remotename)%00%(upstream:remoteref) refs/heads/master refs/remotes/master [26ms]
2023-08-06 17:39:55.764 [info] > git status -z -uall [9ms]
2023-08-06 17:39:55.786 [info] > git rev-parse --git-dir --git-common-dir [48ms]
2023-08-06 17:39:55.802 [info] Open repository: /home/cheaterak/pomotroid
2023-08-06 17:39:55.842 [info] > git rev-parse --show-toplevel [29ms]
2023-08-06 17:39:55.854 [info] > git config --get commit.template [13ms]
2023-08-06 17:39:55.854 [info] > git config --get commit.template [21ms]
2023-08-06 17:39:55.854 [info] > git for-each-ref --format=%(refname)%00%(upstream:short)%00%(objectname)%00%(upstream:track)%00%(upstream:remotename)%00%(upstream:remoteref) refs/heads/master refs/remotes/master [32ms]
2023-08-06 17:39:55.872 [info] > git rev-parse --git-dir --git-common-dir [21ms]
2023-08-06 17:39:55.882 [info] Open repository: /home/cheaterak/swaylock-effects
2023-08-06 17:39:55.930 [info] > git status -z -uall [69ms]
2023-08-06 17:39:55.931 [info] > git rev-parse --show-toplevel [37ms]
2023-08-06 17:39:55.944 [info] > git config --get commit.template [14ms]
2023-08-06 17:39:55.944 [info] > git for-each-ref --format=%(refname)%00%(upstream:short)%00%(objectname)%00%(upstream:track)%00%(upstream:remotename)%00%(upstream:remoteref) refs/heads/master refs/remotes/master [28ms]
2023-08-06 17:39:55.957 [info] > git for-each-ref --format=%(refname)%00%(upstream:short)%00%(objectname)%00%(upstream:track)%00%(upstream:remotename)%00%(upstream:remoteref) refs/heads/master refs/remotes/master [51ms]
2023-08-06 17:39:55.992 [info] > git status -z -uall [25ms]
2023-08-06 17:39:55.999 [info] > git rev-parse --git-dir --git-common-dir [59ms]
2023-08-06 17:39:56.009 [info] Open repository: /home/cheaterak/swaylock-fancy
2023-08-06 17:39:56.049 [info] > git status -z -uall [93ms]
2023-08-06 17:39:56.050 [info] > git rev-parse --show-toplevel [32ms]
2023-08-06 17:39:56.061 [info] > git config --get commit.template [70ms]
2023-08-06 17:39:56.089 [info] > git rev-parse --git-dir --git-common-dir [29ms]
2023-08-06 17:39:56.102 [info] Open repository: /home/cheaterak/void-packages
2023-08-06 17:39:56.115 [info] > git config --get commit.template [69ms]
2023-08-06 17:39:56.115 [info] > git for-each-ref --format=%(refname)%00%(upstream:short)%00%(objectname)%00%(upstream:track)%00%(upstream:remotename)%00%(upstream:remoteref) refs/heads/master refs/remotes/master [80ms]
2023-08-06 17:39:56.159 [info] > git status -z -uall [32ms]
2023-08-06 17:39:56.159 [info] > git rev-parse --show-toplevel [47ms]
2023-08-06 17:39:56.159 [info] fatal: not a git repository (or any of the parent directories): .git
2023-08-06 17:39:56.159 [info] > git config --get commit.template [73ms]
2023-08-06 17:39:56.177 [info] > git config --get commit.template [25ms]
2023-08-06 17:39:56.177 [info] > git for-each-ref --format=%(refname)%00%(upstream:short)%00%(objectname)%00%(upstream:track)%00%(upstream:remotename)%00%(upstream:remoteref) refs/heads/master refs/remotes/master [36ms]
2023-08-06 17:39:56.224 [info] > git for-each-ref --format=%(refname)%00%(upstream:short)%00%(objectname)%00%(upstream:track)%00%(upstream:remotename)%00%(upstream:remoteref) refs/heads/master refs/remotes/master [51ms]
2023-08-06 17:39:56.255 [info] > git status -z -uall [68ms]
2023-08-06 17:39:56.255 [info] > git config --get commit.template [33ms]
2023-08-06 17:39:56.255 [info] > git for-each-ref --format=%(refname)%00%(upstream:short)%00%(objectname)%00%(upstream:track)%00%(upstream:remotename)%00%(upstream:remoteref) refs/heads/master refs/remotes/master [43ms]
2023-08-06 17:39:56.267 [info] > git status -z -uall [32ms]
2023-08-06 17:39:56.267 [info] > git for-each-ref --format=%(refname)%00%(upstream:short)%00%(objectname)%00%(upstream:track)%00%(upstream:remotename)%00%(upstream:remoteref) refs/heads/master refs/remotes/master [15ms]
2023-08-06 17:39:56.319 [info] > git status -z -uall [55ms]
2023-08-06 17:39:56.330 [info] > git config --get commit.template [12ms]
2023-08-06 17:39:56.330 [info] > git for-each-ref --format=%(refname)%00%(upstream:short)%00%(objectname)%00%(upstream:track)%00%(upstream:remotename)%00%(upstream:remoteref) refs/heads/master refs/remotes/master [24ms]
2023-08-06 17:39:56.355 [info] > git status -z -uall [15ms]
2023-08-06 17:39:56.362 [info] > git for-each-ref --format=%(refname)%00%(upstream:short)%00%(objectname)%00%(upstream:track)%00%(upstream:remotename)%00%(upstream:remoteref) refs/heads/master refs/remotes/master [9ms]
2023-08-06 17:39:56.396 [info] > git status -z -uall [23ms]
2023-08-06 17:39:56.821 [info] > git check-ignore -v -z --stdin [67ms]
2023-08-06 17:39:56.824 [info] > git check-ignore -v -z --stdin [57ms]
2023-08-06 17:39:56.825 [info] > git check-ignore -v -z --stdin [47ms]
2023-08-06 17:39:56.827 [info] > git check-ignore -v -z --stdin [23ms]
2023-08-06 17:39:56.830 [info] > git status -z -uall [552ms]
2023-08-06 17:39:56.830 [info] > git check-ignore -v -z --stdin [39ms]
2023-08-06 17:39:56.856 [info] > git check-ignore -v -z --stdin [40ms]
2023-08-06 17:39:56.859 [info] > git config --get commit.template [4ms]
2023-08-06 17:39:56.875 [info] > git for-each-ref --format=%(refname)%00%(upstream:short)%00%(objectname)%00%(upstream:track)%00%(upstream:remotename)%00%(upstream:remoteref) refs/heads/master refs/remotes/master [5ms]
2023-08-06 17:39:57.470 [info] > git status -z -uall [584ms]
