2023-08-06 17:40:21.086 [info] Log level: Info
2023-08-06 17:40:21.086 [info] Validating found git in: "git"
2023-08-06 17:40:21.086 [info] Using git "2.41.0" from "git"
2023-08-06 17:40:21.086 [info] > git rev-parse --show-toplevel [41ms]
2023-08-06 17:40:21.086 [info] fatal: not a git repository (or any of the parent directories): .git
2023-08-06 17:40:21.086 [info] > git rev-parse --show-toplevel [130ms]
2023-08-06 17:40:21.086 [info] fatal: not a git repository (or any of the parent directories): .git
2023-08-06 17:40:37.773 [info] > git rev-parse --show-toplevel [33ms]
2023-08-06 17:40:37.773 [info] fatal: not a git repository (or any of the parent directories): .git
2023-08-06 17:40:38.028 [info] > git rev-parse --show-toplevel [3ms]
2023-08-06 17:40:38.028 [info] fatal: not a git repository (or any of the parent directories): .git
2023-08-06 22:04:50.405 [info] > git rev-parse --show-toplevel [25ms]
2023-08-06 22:04:50.405 [info] fatal: not a git repository (or any of the parent directories): .git
2023-08-07 05:43:27.293 [info] > git rev-parse --show-toplevel [4ms]
2023-08-07 05:43:27.293 [info] fatal: not a git repository (or any of the parent directories): .git
2023-08-07 05:43:42.164 [info] > git rev-parse --show-toplevel [3ms]
2023-08-07 05:43:42.164 [info] fatal: not a git repository (or any of the parent directories): .git
2023-08-07 05:43:43.527 [info] > git rev-parse --show-toplevel [2ms]
2023-08-07 05:43:43.527 [info] fatal: not a git repository (or any of the parent directories): .git
2023-08-07 05:43:44.012 [info] > git rev-parse --show-toplevel [2ms]
2023-08-07 05:43:44.012 [info] fatal: not a git repository (or any of the parent directories): .git
2023-08-07 05:43:44.839 [info] > git rev-parse --show-toplevel [1ms]
2023-08-07 05:43:44.839 [info] fatal: not a git repository (or any of the parent directories): .git
2023-08-11 02:11:20.380 [info] > git rev-parse --show-toplevel [27ms]
2023-08-11 02:11:20.381 [info] fatal: not a git repository (or any of the parent directories): .git
