00:00:00.000659 main     VirtualBox XPCOM Server 7.0.10 r158379 linux.amd64 (Aug  1 2023 02:02:41) release log
00:00:00.000665 main     Log opened 2023-08-15T06:56:22.512551000Z
00:00:00.000666 main     Build Type: release
00:00:00.000671 main     OS Product: Linux
00:00:00.000673 main     OS Release: 6.3.13_1
00:00:00.000674 main     OS Version: #1 SMP PREEMPT_DYNAMIC Tue Jul 25 00:19:40 UTC 2023
00:00:00.000709 main     DMI Product Name: HUMA H4 V5.2
00:00:00.000716 main     DMI Product Version: V1.02.X
00:00:00.000726 main     Firmware type: UEFI
00:00:00.001201 main     Secure Boot: Disabled
00:00:00.001266 main     Host RAM: 15739MB (15.3GB) total, 13506MB (13.1GB) available
00:00:00.001273 main     Executable: /usr/lib/virtualbox/VBoxSVC
00:00:00.001274 main     Process ID: 20230
00:00:00.001275 main     Package type: LINUX_64BITS_GENERIC (OSE)
00:00:00.003480 main     IPC socket path: /tmp/.vbox-cheaterak-ipc/ipcd
00:00:00.107614 nspr-2   VirtualBox: object creation starts
00:00:00.107727 nspr-2   Home directory: '/home/cheaterak/.config/VirtualBox'
00:00:00.107972 nspr-2   Loading settings file "/home/cheaterak/.config/VirtualBox/VirtualBox.xml" with version "1.12-linux"
00:00:00.302207 nspr-2   NetIfAdpCtlOut: VBoxNetAdpCtl: Error while retrieving link speed for wlo1: VBoxNetAdpCtl: ioctl failed: Operation not supported
00:00:00.302903 nspr-2   HostDnsMonitor: initializing
00:00:00.303317 nspr-2   NAT: resolv.conf: nameserver 192.168.41.32
00:00:00.303341 nspr-2   HostDnsMonitor: updating information
00:00:00.303359 nspr-2   HostDnsMonitor: old information
00:00:00.303364 nspr-2     no server entries
00:00:00.303368 nspr-2     no domain set
00:00:00.303372 nspr-2     no search string entries
00:00:00.303375 nspr-2   HostDnsMonitor: new information
00:00:00.303378 nspr-2     server 1: 192.168.41.32
00:00:00.303382 nspr-2     no domain set
00:00:00.303386 nspr-2     no search string entries
00:00:00.304879 nspr-2   Failed to open "/dev/vboxdrvu", errno=2, rc=VERR_VM_DRIVER_NOT_INSTALLED
00:00:00.305079 nspr-2   VD: VDInit finished with VINF_SUCCESS
00:00:00.305176 nspr-2   ERROR [COM]: aRC=NS_ERROR_FAILURE (0x80004005) aIID={aac6c7cb-a371-4c58-ab51-0616896b2f2c} aComponent={SystemPropertiesWrap} aText={Cannot determine default Guest Additions ISO location. Most likely they are not available}, preserve=false aResultDetail=0
00:00:00.315055 nspr-2   Loading settings file "/home/cheaterak/VirtualBox VMs/void/void.vbox" with version "1.19-linux"
00:00:00.316208 nspr-2   VirtualBox: object created
00:00:01.164534 nspr-3   WARNING [COM]: aRC=NS_ERROR_FAILURE (0x80004005) aIID={e54f6256-97a7-4947-8a78-10c013ddf4b8} aComponent={HostWrap} aText={VirtualBox is not currently allowed to access USB devices.  You can change this by adding your user to the 'vboxusers' group.  Please see the user manual for a more detailed explanation}, preserve=true aResultDetail=0
00:00:01.165845 nspr-3   WARNING [COM]: aRC=NS_ERROR_FAILURE (0x80004005) aIID={e54f6256-97a7-4947-8a78-10c013ddf4b8} aComponent={HostWrap} aText={VirtualBox is not currently allowed to access USB devices.  You can change this by adding your user to the 'vboxusers' group.  Please see the user manual for a more detailed explanation}, preserve=false aResultDetail=0
00:00:01.226759 nspr-3   ERROR [COM]: aRC=VBOX_E_INVALID_VM_STATE (0x80bb0002) aIID={300763af-5d6b-46e6-aa96-273eac15538a} aComponent={MachineWrap} aText={The machine is not mutable (state is PoweredOff)}, preserve=false aResultDetail=0
00:00:01.228105 nspr-3   Failed to open "/dev/vboxdrvu", errno=2, rc=VERR_VM_DRIVER_NOT_INSTALLED
00:00:01.412749 nspr-4   WARNING [COM]: aRC=NS_ERROR_FAILURE (0x80004005) aIID={e54f6256-97a7-4947-8a78-10c013ddf4b8} aComponent={HostWrap} aText={VirtualBox is not currently allowed to access USB devices.  You can change this by adding your user to the 'vboxusers' group.  Please see the user manual for a more detailed explanation}, preserve=true aResultDetail=0
00:00:01.413767 nspr-4   WARNING [COM]: aRC=NS_ERROR_FAILURE (0x80004005) aIID={e54f6256-97a7-4947-8a78-10c013ddf4b8} aComponent={HostWrap} aText={VirtualBox is not currently allowed to access USB devices.  You can change this by adding your user to the 'vboxusers' group.  Please see the user manual for a more detailed explanation}, preserve=true aResultDetail=0
00:00:01.862716 nspr-2   Saving settings file "/home/cheaterak/.config/VirtualBox/VirtualBox.xml" with version "1.12-linux"
00:00:01.875688 nspr-2   Finished saving settings file "/home/cheaterak/.config/VirtualBox/VirtualBox.xml"
00:00:10.134527 nspr-3   Saving settings file "/home/cheaterak/.config/VirtualBox/VirtualBox.xml" with version "1.12-linux"
00:00:10.147011 nspr-3   Finished saving settings file "/home/cheaterak/.config/VirtualBox/VirtualBox.xml"
00:00:12.398233 nspr-2   Launched VM: 3087807296 pid: 20353 (0x4f81) frontend: GUI/Qt name: void
00:00:12.431479 nspr-5   ERROR [COM]: aRC=VBOX_E_INVALID_VM_STATE (0x80bb0002) aIID={300763af-5d6b-46e6-aa96-273eac15538a} aComponent={MachineWrap} aText={The machine is not mutable (state is PoweredOff)}, preserve=false aResultDetail=0
00:00:12.432369 nspr-5   Failed to open "/dev/vboxdrvu", errno=2, rc=VERR_VM_DRIVER_NOT_INSTALLED
00:00:12.454501 nspr-5   WARNING [COM]: aRC=NS_ERROR_FAILURE (0x80004005) aIID={e54f6256-97a7-4947-8a78-10c013ddf4b8} aComponent={HostWrap} aText={VirtualBox is not currently allowed to access USB devices.  You can change this by adding your user to the 'vboxusers' group.  Please see the user manual for a more detailed explanation}, preserve=true aResultDetail=0
00:00:12.455392 nspr-5   WARNING [COM]: aRC=NS_ERROR_FAILURE (0x80004005) aIID={e54f6256-97a7-4947-8a78-10c013ddf4b8} aComponent={HostWrap} aText={VirtualBox is not currently allowed to access USB devices.  You can change this by adding your user to the 'vboxusers' group.  Please see the user manual for a more detailed explanation}, preserve=true aResultDetail=0
00:00:12.898769 Watcher  ERROR [COM]: aRC=NS_ERROR_FAILURE (0x80004005) aIID={300763af-5d6b-46e6-aa96-273eac15538a} aComponent={MachineWrap} aText={The virtual machine 'void' has terminated unexpectedly during startup with exit code 1 (0x1)}, preserve=false aResultDetail=0
00:00:12.941783 nspr-4   ERROR [COM]: aRC=VBOX_E_INVALID_VM_STATE (0x80bb0002) aIID={300763af-5d6b-46e6-aa96-273eac15538a} aComponent={MachineWrap} aText={The machine is not mutable (state is PoweredOff)}, preserve=false aResultDetail=0
00:00:12.942656 nspr-3   Failed to open "/dev/vboxdrvu", errno=2, rc=VERR_VM_DRIVER_NOT_INSTALLED
00:00:12.964439 nspr-4   WARNING [COM]: aRC=NS_ERROR_FAILURE (0x80004005) aIID={e54f6256-97a7-4947-8a78-10c013ddf4b8} aComponent={HostWrap} aText={VirtualBox is not currently allowed to access USB devices.  You can change this by adding your user to the 'vboxusers' group.  Please see the user manual for a more detailed explanation}, preserve=true aResultDetail=0
00:00:12.965262 nspr-4   WARNING [COM]: aRC=NS_ERROR_FAILURE (0x80004005) aIID={e54f6256-97a7-4947-8a78-10c013ddf4b8} aComponent={HostWrap} aText={VirtualBox is not currently allowed to access USB devices.  You can change this by adding your user to the 'vboxusers' group.  Please see the user manual for a more detailed explanation}, preserve=true aResultDetail=0
00:00:20.168695 main     VirtualBox: object deletion starts
00:00:20.168775 main     ERROR [COM]: aRC=VBOX_E_OBJECT_IN_USE (0x80bb000c) aIID={ad47ad09-787b-44ab-b343-a082a3f2dfb1} aComponent={MediumWrap} aText={Medium '/home/cheaterak/VirtualBox VMs/void/void.vdi' cannot be closed because it is still attached to 1 virtual machines}, preserve=false aResultDetail=0
00:00:20.169439 main     HostDnsMonitor: shutting down ...
00:00:20.169856 main     HostDnsMonitor: shut down
00:00:20.180988 Watcher  ERROR [COM]: aRC=E_ACCESSDENIED (0x80070005) aIID={7682d5eb-f00e-44f1-8ca2-99d08b1cd607} aComponent={VirtualBoxWrap} aText={The object is not ready}, preserve=false aResultDetail=0
00:00:20.181133 main     VirtualBox: object deleted
